2021-12-11 13:57:49 DEBUG [main]: SO:StudentOrder: 10 null null Adult: 1010 100010 2017-09-15 PassportOffice: 1    University: 2  HH12345 Person: Васильев Павел Николаевич 1995-03-18 null Adult: 2010 200010 2018-04-05 PassportOffice: 2    University: 1  WW12345 Person: Васильева Ирина Петровна 1997-08-21 null [Child: 300010 2018-06-11 RegisterOffice: 2   Person: Васильева Евгения Павловна 2016-01-11 null, Child: 400010 2018-07-19 RegisterOffice: 3   Person: Васильев Александр Павлович 2018-10-24 null] 123456010 RegisterOffice: 1   2016-07-04
2021-12-11 13:57:49 DEBUG [main]: SO:StudentOrder: 10 null null Adult: 1010 100010 2017-09-15 PassportOffice: 1    University: 2  HH12345 Person: null Павел Николаевич 1995-03-18 null Adult: 2010 200010 2018-04-05 PassportOffice: 2    University: 1  WW12345 Person: Васильева Ирина Петровна 1997-08-21 null [Child: 300010 2018-06-11 RegisterOffice: 2   Person: Васильева Евгения Павловна 2016-01-11 null, Child: 400010 2018-07-19 RegisterOffice: 3   Person: Васильев Александр Павлович 2018-10-24 null] 123456010 RegisterOffice: 1   2016-07-04
2021-12-11 13:57:49 ERROR [main]: ERROR: null value in column "h_sur_name" of relation "jc_student_order" violates not-null constraint
  Подробности: Failing row contains (2, 0, 2021-12-11 13:57:49.215188, null, Павел, Николаевич, 1995-03-18, 1010, 100010, 2017-09-15, 1, 195000, 1, 10, 2, 121, 2, HH12345, Васильева, Ирина, Петровна, 1997-08-21, 2010, 200010, 2018-04-05, 2, 195000, 1, 10, 2, 121, 1, WW12345, 123456010, 1, 2016-07-04).
org.postgresql.util.PSQLException: ERROR: null value in column "h_sur_name" of relation "jc_student_order" violates not-null constraint
  Подробности: Failing row contains (2, 0, 2021-12-11 13:57:49.215188, null, Павел, Николаевич, 1995-03-18, 1010, 100010, 2017-09-15, 1, 195000, 1, 10, 2, 121, 2, HH12345, Васильева, Ирина, Петровна, 1997-08-21, 2010, 200010, 2018-04-05, 2, 195000, 1, 10, 2, 121, 1, WW12345, 123456010, 1, 2016-07-04).
	at org.postgresql.core.v3.QueryExecutorImpl.receiveErrorResponse(QueryExecutorImpl.java:2674)
	at org.postgresql.core.v3.QueryExecutorImpl.processResults(QueryExecutorImpl.java:2364)
	at org.postgresql.core.v3.QueryExecutorImpl.execute(QueryExecutorImpl.java:354)
	at org.postgresql.jdbc.PgStatement.executeInternal(PgStatement.java:484)
	at org.postgresql.jdbc.PgStatement.execute(PgStatement.java:404)
	at org.postgresql.jdbc.PgPreparedStatement.executeWithFlags(PgPreparedStatement.java:162)
	at org.postgresql.jdbc.PgPreparedStatement.executeUpdate(PgPreparedStatement.java:130)
	at dao.StudentOrderDaoImpl.saveStudentOrder(StudentOrderDaoImpl.java:105)
	at tests.StudentOrderDaoImplTest.saveStudentOrderError(StudentOrderDaoImplTest.java:40)
	at java.base/jdk.internal.reflect.NativeMethodAccessorImpl.invoke0(Native Method)
	at java.base/jdk.internal.reflect.NativeMethodAccessorImpl.invoke(NativeMethodAccessorImpl.java:77)
	at java.base/jdk.internal.reflect.DelegatingMethodAccessorImpl.invoke(DelegatingMethodAccessorImpl.java:43)
	at java.base/java.lang.reflect.Method.invoke(Method.java:568)
	at org.junit.runners.model.FrameworkMethod$1.runReflectiveCall(FrameworkMethod.java:59)
	at org.junit.internal.runners.model.ReflectiveCallable.run(ReflectiveCallable.java:12)
	at org.junit.runners.model.FrameworkMethod.invokeExplosively(FrameworkMethod.java:56)
	at org.junit.internal.runners.statements.InvokeMethod.evaluate(InvokeMethod.java:17)
	at org.junit.internal.runners.statements.ExpectException.evaluate(ExpectException.java:19)
	at org.junit.runners.ParentRunner$3.evaluate(ParentRunner.java:306)
	at org.junit.runners.BlockJUnit4ClassRunner$1.evaluate(BlockJUnit4ClassRunner.java:100)
	at org.junit.runners.ParentRunner.runLeaf(ParentRunner.java:366)
	at org.junit.runners.BlockJUnit4ClassRunner.runChild(BlockJUnit4ClassRunner.java:103)
	at org.junit.runners.BlockJUnit4ClassRunner.runChild(BlockJUnit4ClassRunner.java:63)
	at org.junit.runners.ParentRunner$4.run(ParentRunner.java:331)
	at org.junit.runners.ParentRunner$1.schedule(ParentRunner.java:79)
	at org.junit.runners.ParentRunner.runChildren(ParentRunner.java:329)
	at org.junit.runners.ParentRunner.access$100(ParentRunner.java:66)
	at org.junit.runners.ParentRunner$2.evaluate(ParentRunner.java:293)
	at org.junit.internal.runners.statements.RunBefores.evaluate(RunBefores.java:26)
	at org.junit.runners.ParentRunner$3.evaluate(ParentRunner.java:306)
	at org.junit.runners.ParentRunner.run(ParentRunner.java:413)
	at org.junit.runner.JUnitCore.run(JUnitCore.java:137)
	at org.junit.runner.JUnitCore.run(JUnitCore.java:115)
	at org.junit.vintage.engine.execution.RunnerExecutor.execute(RunnerExecutor.java:42)
	at org.junit.vintage.engine.VintageTestEngine.executeAllChildren(VintageTestEngine.java:80)
	at org.junit.vintage.engine.VintageTestEngine.execute(VintageTestEngine.java:72)
	at org.junit.platform.launcher.core.EngineExecutionOrchestrator.execute(EngineExecutionOrchestrator.java:107)
	at org.junit.platform.launcher.core.EngineExecutionOrchestrator.execute(EngineExecutionOrchestrator.java:88)
	at org.junit.platform.launcher.core.EngineExecutionOrchestrator.lambda$execute$0(EngineExecutionOrchestrator.java:54)
	at org.junit.platform.launcher.core.EngineExecutionOrchestrator.withInterceptedStreams(EngineExecutionOrchestrator.java:67)
	at org.junit.platform.launcher.core.EngineExecutionOrchestrator.execute(EngineExecutionOrchestrator.java:52)
	at org.junit.platform.launcher.core.DefaultLauncher.execute(DefaultLauncher.java:114)
	at org.junit.platform.launcher.core.DefaultLauncher.execute(DefaultLauncher.java:95)
	at org.junit.platform.launcher.core.DefaultLauncherSession$DelegatingLauncher.execute(DefaultLauncherSession.java:91)
	at org.junit.platform.launcher.core.SessionPerRequestLauncher.execute(SessionPerRequestLauncher.java:60)
	at org.eclipse.jdt.internal.junit5.runner.JUnit5TestReference.run(JUnit5TestReference.java:98)
	at org.eclipse.jdt.internal.junit.runner.TestExecution.run(TestExecution.java:40)
	at org.eclipse.jdt.internal.junit.runner.RemoteTestRunner.runTests(RemoteTestRunner.java:529)
	at org.eclipse.jdt.internal.junit.runner.RemoteTestRunner.runTests(RemoteTestRunner.java:756)
	at org.eclipse.jdt.internal.junit.runner.RemoteTestRunner.run(RemoteTestRunner.java:452)
	at org.eclipse.jdt.internal.junit.runner.RemoteTestRunner.main(RemoteTestRunner.java:210)
2021-12-11 13:59:35 DEBUG [main]: SO:StudentOrder: 10 null null Adult: 1010 100010 2017-09-15 PassportOffice: 1    University: 2  HH12345 Person: Васильев Павел Николаевич 1995-03-18 null Adult: 2010 200010 2018-04-05 PassportOffice: 2    University: 1  WW12345 Person: Васильева Ирина Петровна 1997-08-21 null [Child: 300010 2018-06-11 RegisterOffice: 2   Person: Васильева Евгения Павловна 2016-01-11 null, Child: 400010 2018-07-19 RegisterOffice: 3   Person: Васильев Александр Павлович 2018-10-24 null] 123456010 RegisterOffice: 1   2016-07-04
2021-12-11 13:59:35 DEBUG [main]: SO:StudentOrder: 10 null null Adult: 1010 100010 2017-09-15 PassportOffice: 1    University: 2  HH12345 Person: null Павел Николаевич 1995-03-18 null Adult: 2010 200010 2018-04-05 PassportOffice: 2    University: 1  WW12345 Person: Васильева Ирина Петровна 1997-08-21 null [Child: 300010 2018-06-11 RegisterOffice: 2   Person: Васильева Евгения Павловна 2016-01-11 null, Child: 400010 2018-07-19 RegisterOffice: 3   Person: Васильев Александр Павлович 2018-10-24 null] 123456010 RegisterOffice: 1   2016-07-04
2021-12-11 13:59:35 ERROR [main]: ERROR: null value in column "h_sur_name" of relation "jc_student_order" violates not-null constraint
  Подробности: Failing row contains (2, 0, 2021-12-11 13:59:35.795212, null, Павел, Николаевич, 1995-03-18, 1010, 100010, 2017-09-15, 1, 195000, 1, 10, 2, 121, 2, HH12345, Васильева, Ирина, Петровна, 1997-08-21, 2010, 200010, 2018-04-05, 2, 195000, 1, 10, 2, 121, 1, WW12345, 123456010, 1, 2016-07-04).
org.postgresql.util.PSQLException: ERROR: null value in column "h_sur_name" of relation "jc_student_order" violates not-null constraint
  Подробности: Failing row contains (2, 0, 2021-12-11 13:59:35.795212, null, Павел, Николаевич, 1995-03-18, 1010, 100010, 2017-09-15, 1, 195000, 1, 10, 2, 121, 2, HH12345, Васильева, Ирина, Петровна, 1997-08-21, 2010, 200010, 2018-04-05, 2, 195000, 1, 10, 2, 121, 1, WW12345, 123456010, 1, 2016-07-04).
	at org.postgresql.core.v3.QueryExecutorImpl.receiveErrorResponse(QueryExecutorImpl.java:2674)
	at org.postgresql.core.v3.QueryExecutorImpl.processResults(QueryExecutorImpl.java:2364)
	at org.postgresql.core.v3.QueryExecutorImpl.execute(QueryExecutorImpl.java:354)
	at org.postgresql.jdbc.PgStatement.executeInternal(PgStatement.java:484)
	at org.postgresql.jdbc.PgStatement.execute(PgStatement.java:404)
	at org.postgresql.jdbc.PgPreparedStatement.executeWithFlags(PgPreparedStatement.java:162)
	at org.postgresql.jdbc.PgPreparedStatement.executeUpdate(PgPreparedStatement.java:130)
	at dao.StudentOrderDaoImpl.saveStudentOrder(StudentOrderDaoImpl.java:105)
	at tests.StudentOrderDaoImplTest.saveStudentOrderError(StudentOrderDaoImplTest.java:40)
	at java.base/jdk.internal.reflect.NativeMethodAccessorImpl.invoke0(Native Method)
	at java.base/jdk.internal.reflect.NativeMethodAccessorImpl.invoke(NativeMethodAccessorImpl.java:77)
	at java.base/jdk.internal.reflect.DelegatingMethodAccessorImpl.invoke(DelegatingMethodAccessorImpl.java:43)
	at java.base/java.lang.reflect.Method.invoke(Method.java:568)
	at org.junit.runners.model.FrameworkMethod$1.runReflectiveCall(FrameworkMethod.java:59)
	at org.junit.internal.runners.model.ReflectiveCallable.run(ReflectiveCallable.java:12)
	at org.junit.runners.model.FrameworkMethod.invokeExplosively(FrameworkMethod.java:56)
	at org.junit.internal.runners.statements.InvokeMethod.evaluate(InvokeMethod.java:17)
	at org.junit.internal.runners.statements.ExpectException.evaluate(ExpectException.java:19)
	at org.junit.runners.ParentRunner$3.evaluate(ParentRunner.java:306)
	at org.junit.runners.BlockJUnit4ClassRunner$1.evaluate(BlockJUnit4ClassRunner.java:100)
	at org.junit.runners.ParentRunner.runLeaf(ParentRunner.java:366)
	at org.junit.runners.BlockJUnit4ClassRunner.runChild(BlockJUnit4ClassRunner.java:103)
	at org.junit.runners.BlockJUnit4ClassRunner.runChild(BlockJUnit4ClassRunner.java:63)
	at org.junit.runners.ParentRunner$4.run(ParentRunner.java:331)
	at org.junit.runners.ParentRunner$1.schedule(ParentRunner.java:79)
	at org.junit.runners.ParentRunner.runChildren(ParentRunner.java:329)
	at org.junit.runners.ParentRunner.access$100(ParentRunner.java:66)
	at org.junit.runners.ParentRunner$2.evaluate(ParentRunner.java:293)
	at org.junit.internal.runners.statements.RunBefores.evaluate(RunBefores.java:26)
	at org.junit.runners.ParentRunner$3.evaluate(ParentRunner.java:306)
	at org.junit.runners.ParentRunner.run(ParentRunner.java:413)
	at org.junit.runner.JUnitCore.run(JUnitCore.java:137)
	at org.junit.runner.JUnitCore.run(JUnitCore.java:115)
	at org.junit.vintage.engine.execution.RunnerExecutor.execute(RunnerExecutor.java:42)
	at org.junit.vintage.engine.VintageTestEngine.executeAllChildren(VintageTestEngine.java:80)
	at org.junit.vintage.engine.VintageTestEngine.execute(VintageTestEngine.java:72)
	at org.junit.platform.launcher.core.EngineExecutionOrchestrator.execute(EngineExecutionOrchestrator.java:107)
	at org.junit.platform.launcher.core.EngineExecutionOrchestrator.execute(EngineExecutionOrchestrator.java:88)
	at org.junit.platform.launcher.core.EngineExecutionOrchestrator.lambda$execute$0(EngineExecutionOrchestrator.java:54)
	at org.junit.platform.launcher.core.EngineExecutionOrchestrator.withInterceptedStreams(EngineExecutionOrchestrator.java:67)
	at org.junit.platform.launcher.core.EngineExecutionOrchestrator.execute(EngineExecutionOrchestrator.java:52)
	at org.junit.platform.launcher.core.DefaultLauncher.execute(DefaultLauncher.java:114)
	at org.junit.platform.launcher.core.DefaultLauncher.execute(DefaultLauncher.java:95)
	at org.junit.platform.launcher.core.DefaultLauncherSession$DelegatingLauncher.execute(DefaultLauncherSession.java:91)
	at org.junit.platform.launcher.core.SessionPerRequestLauncher.execute(SessionPerRequestLauncher.java:60)
	at org.eclipse.jdt.internal.junit5.runner.JUnit5TestReference.run(JUnit5TestReference.java:98)
	at org.eclipse.jdt.internal.junit.runner.TestExecution.run(TestExecution.java:40)
	at org.eclipse.jdt.internal.junit.runner.RemoteTestRunner.runTests(RemoteTestRunner.java:529)
	at org.eclipse.jdt.internal.junit.runner.RemoteTestRunner.runTests(RemoteTestRunner.java:756)
	at org.eclipse.jdt.internal.junit.runner.RemoteTestRunner.run(RemoteTestRunner.java:452)
	at org.eclipse.jdt.internal.junit.runner.RemoteTestRunner.main(RemoteTestRunner.java:210)
2021-12-11 14:03:00 DEBUG [main]: SO:StudentOrder: 10 null null Adult: 1010 100010 2017-09-15 PassportOffice: 1    University: 2  HH12345 Person: Васильев Павел Николаевич 1995-03-18 null Adult: 2010 200010 2018-04-05 PassportOffice: 2    University: 1  WW12345 Person: Васильева Ирина Петровна 1997-08-21 null [Child: 300010 2018-06-11 RegisterOffice: 2   Person: Васильева Евгения Павловна 2016-01-11 null, Child: 400010 2018-07-19 RegisterOffice: 3   Person: Васильев Александр Павлович 2018-10-24 null] 123456010 RegisterOffice: 1   2016-07-04
2021-12-11 14:03:00 DEBUG [main]: SO:StudentOrder: 10 null null Adult: 1010 100010 2017-09-15 PassportOffice: 1    University: 2  HH12345 Person: null Павел Николаевич 1995-03-18 null Adult: 2010 200010 2018-04-05 PassportOffice: 2    University: 1  WW12345 Person: Васильева Ирина Петровна 1997-08-21 null [Child: 300010 2018-06-11 RegisterOffice: 2   Person: Васильева Евгения Павловна 2016-01-11 null, Child: 400010 2018-07-19 RegisterOffice: 3   Person: Васильев Александр Павлович 2018-10-24 null] 123456010 RegisterOffice: 1   2016-07-04
2021-12-11 14:03:00 ERROR [main]: ERROR: null value in column "h_sur_name" of relation "jc_student_order" violates not-null constraint
  Подробности: Failing row contains (2, 0, 2021-12-11 14:03:00.965094, null, Павел, Николаевич, 1995-03-18, 1010, 100010, 2017-09-15, 1, 195000, 1, 10, 2, 121, 2, HH12345, Васильева, Ирина, Петровна, 1997-08-21, 2010, 200010, 2018-04-05, 2, 195000, 1, 10, 2, 121, 1, WW12345, 123456010, 1, 2016-07-04).
org.postgresql.util.PSQLException: ERROR: null value in column "h_sur_name" of relation "jc_student_order" violates not-null constraint
  Подробности: Failing row contains (2, 0, 2021-12-11 14:03:00.965094, null, Павел, Николаевич, 1995-03-18, 1010, 100010, 2017-09-15, 1, 195000, 1, 10, 2, 121, 2, HH12345, Васильева, Ирина, Петровна, 1997-08-21, 2010, 200010, 2018-04-05, 2, 195000, 1, 10, 2, 121, 1, WW12345, 123456010, 1, 2016-07-04).
	at org.postgresql.core.v3.QueryExecutorImpl.receiveErrorResponse(QueryExecutorImpl.java:2674)
	at org.postgresql.core.v3.QueryExecutorImpl.processResults(QueryExecutorImpl.java:2364)
	at org.postgresql.core.v3.QueryExecutorImpl.execute(QueryExecutorImpl.java:354)
	at org.postgresql.jdbc.PgStatement.executeInternal(PgStatement.java:484)
	at org.postgresql.jdbc.PgStatement.execute(PgStatement.java:404)
	at org.postgresql.jdbc.PgPreparedStatement.executeWithFlags(PgPreparedStatement.java:162)
	at org.postgresql.jdbc.PgPreparedStatement.executeUpdate(PgPreparedStatement.java:130)
	at dao.StudentOrderDaoImpl.saveStudentOrder(StudentOrderDaoImpl.java:105)
	at tests.StudentOrderDaoImplTest.saveStudentOrderError(StudentOrderDaoImplTest.java:40)
	at java.base/jdk.internal.reflect.NativeMethodAccessorImpl.invoke0(Native Method)
	at java.base/jdk.internal.reflect.NativeMethodAccessorImpl.invoke(NativeMethodAccessorImpl.java:77)
	at java.base/jdk.internal.reflect.DelegatingMethodAccessorImpl.invoke(DelegatingMethodAccessorImpl.java:43)
	at java.base/java.lang.reflect.Method.invoke(Method.java:568)
	at org.junit.runners.model.FrameworkMethod$1.runReflectiveCall(FrameworkMethod.java:59)
	at org.junit.internal.runners.model.ReflectiveCallable.run(ReflectiveCallable.java:12)
	at org.junit.runners.model.FrameworkMethod.invokeExplosively(FrameworkMethod.java:56)
	at org.junit.internal.runners.statements.InvokeMethod.evaluate(InvokeMethod.java:17)
	at org.junit.internal.runners.statements.ExpectException.evaluate(ExpectException.java:19)
	at org.junit.runners.ParentRunner$3.evaluate(ParentRunner.java:306)
	at org.junit.runners.BlockJUnit4ClassRunner$1.evaluate(BlockJUnit4ClassRunner.java:100)
	at org.junit.runners.ParentRunner.runLeaf(ParentRunner.java:366)
	at org.junit.runners.BlockJUnit4ClassRunner.runChild(BlockJUnit4ClassRunner.java:103)
	at org.junit.runners.BlockJUnit4ClassRunner.runChild(BlockJUnit4ClassRunner.java:63)
	at org.junit.runners.ParentRunner$4.run(ParentRunner.java:331)
	at org.junit.runners.ParentRunner$1.schedule(ParentRunner.java:79)
	at org.junit.runners.ParentRunner.runChildren(ParentRunner.java:329)
	at org.junit.runners.ParentRunner.access$100(ParentRunner.java:66)
	at org.junit.runners.ParentRunner$2.evaluate(ParentRunner.java:293)
	at org.junit.internal.runners.statements.RunBefores.evaluate(RunBefores.java:26)
	at org.junit.runners.ParentRunner$3.evaluate(ParentRunner.java:306)
	at org.junit.runners.ParentRunner.run(ParentRunner.java:413)
	at org.junit.runner.JUnitCore.run(JUnitCore.java:137)
	at org.junit.runner.JUnitCore.run(JUnitCore.java:115)
	at org.junit.vintage.engine.execution.RunnerExecutor.execute(RunnerExecutor.java:42)
	at org.junit.vintage.engine.VintageTestEngine.executeAllChildren(VintageTestEngine.java:80)
	at org.junit.vintage.engine.VintageTestEngine.execute(VintageTestEngine.java:72)
	at org.junit.platform.launcher.core.EngineExecutionOrchestrator.execute(EngineExecutionOrchestrator.java:107)
	at org.junit.platform.launcher.core.EngineExecutionOrchestrator.execute(EngineExecutionOrchestrator.java:88)
	at org.junit.platform.launcher.core.EngineExecutionOrchestrator.lambda$execute$0(EngineExecutionOrchestrator.java:54)
	at org.junit.platform.launcher.core.EngineExecutionOrchestrator.withInterceptedStreams(EngineExecutionOrchestrator.java:67)
	at org.junit.platform.launcher.core.EngineExecutionOrchestrator.execute(EngineExecutionOrchestrator.java:52)
	at org.junit.platform.launcher.core.DefaultLauncher.execute(DefaultLauncher.java:114)
	at org.junit.platform.launcher.core.DefaultLauncher.execute(DefaultLauncher.java:95)
	at org.junit.platform.launcher.core.DefaultLauncherSession$DelegatingLauncher.execute(DefaultLauncherSession.java:91)
	at org.junit.platform.launcher.core.SessionPerRequestLauncher.execute(SessionPerRequestLauncher.java:60)
	at org.eclipse.jdt.internal.junit5.runner.JUnit5TestReference.run(JUnit5TestReference.java:98)
	at org.eclipse.jdt.internal.junit.runner.TestExecution.run(TestExecution.java:40)
	at org.eclipse.jdt.internal.junit.runner.RemoteTestRunner.runTests(RemoteTestRunner.java:529)
	at org.eclipse.jdt.internal.junit.runner.RemoteTestRunner.runTests(RemoteTestRunner.java:756)
	at org.eclipse.jdt.internal.junit.runner.RemoteTestRunner.run(RemoteTestRunner.java:452)
	at org.eclipse.jdt.internal.junit.runner.RemoteTestRunner.main(RemoteTestRunner.java:210)
2021-12-15 18:55:47 INFO  [main]: TEST 2021-12-15T18:55:47.009179 2021-12-15T18:55:47.009774
2021-12-15 18:57:15 INFO  [main]: TEST 2021-12-15T18:57:15.264267 2021-12-15T18:57:15.264710
2021-12-15 18:57:24 INFO  [main]: TEST 2021-12-15T18:57:24.887157 2021-12-15T18:57:24.887625
2021-12-15 18:58:36 INFO  [main]: TEST 2021-12-15T18:58:36.882506 2021-12-15T18:58:36.882922
2021-12-15 19:03:29 INFO  [main]: TEST 2021-12-15T19:03:29.556565 2021-12-15T19:03:29.557037
2021-12-15 19:06:02 INFO  [main]: TEST 2021-12-15T19:06:02.759434 2021-12-15T19:06:02.760137
2021-12-15 19:06:40 DEBUG [main]: SO:StudentOrder: 10 null null Adult: 4115 680124 2021-07-06 PassportOffice: 1    University: 2  HH12345 Person: Кротов Александр Витальевич 2001-06-08 null Adult: 4122 682222 2020-01-26 PassportOffice: 2    University: 1  WW12345 Person: Кротова Василиса Николаевна 2000-01-13 null [Child: 43435465 2020-01-05 RegisterOffice: 2   Person: Кротов Николай Александрович 2020-01-05 null, Child: 45412223 2019-03-05 RegisterOffice: 3   Person: Кротова Мария Александровна 2019-03-05 null] 123456010 RegisterOffice: 1   2016-07-04
2021-12-15 19:06:40 DEBUG [main]: SO:StudentOrder: 10 null null Adult: 4115 680124 2021-07-06 PassportOffice: 1    University: 2  HH12345 Person: null Александр Витальевич 2001-06-08 null Adult: 4122 682222 2020-01-26 PassportOffice: 2    University: 1  WW12345 Person: Кротова Василиса Николаевна 2000-01-13 null [Child: 43435465 2020-01-05 RegisterOffice: 2   Person: Кротов Николай Александрович 2020-01-05 null, Child: 45412223 2019-03-05 RegisterOffice: 3   Person: Кротова Мария Александровна 2019-03-05 null] 123456010 RegisterOffice: 1   2016-07-04
2021-12-15 19:06:40 ERROR [main]: ERROR: null value in column "h_sur_name" of relation "jc_student_order" violates not-null constraint
  Подробности: Failing row contains (2, 0, 2021-12-15 19:06:40.688768, null, Александр, Витальевич, 2001-06-08, 4115, 680124, 2021-07-06, 1, 195000, 1, 10, 2, 222, 2, HH12345, Кротова, Василиса, Николаевна, 2000-01-13, 4122, 682222, 2020-01-26, 2, 195000, 1, 10, 2, 222, 1, WW12345, 123456010, 1, 2016-07-04).
org.postgresql.util.PSQLException: ERROR: null value in column "h_sur_name" of relation "jc_student_order" violates not-null constraint
  Подробности: Failing row contains (2, 0, 2021-12-15 19:06:40.688768, null, Александр, Витальевич, 2001-06-08, 4115, 680124, 2021-07-06, 1, 195000, 1, 10, 2, 222, 2, HH12345, Кротова, Василиса, Николаевна, 2000-01-13, 4122, 682222, 2020-01-26, 2, 195000, 1, 10, 2, 222, 1, WW12345, 123456010, 1, 2016-07-04).
	at org.postgresql.core.v3.QueryExecutorImpl.receiveErrorResponse(QueryExecutorImpl.java:2674)
	at org.postgresql.core.v3.QueryExecutorImpl.processResults(QueryExecutorImpl.java:2364)
	at org.postgresql.core.v3.QueryExecutorImpl.execute(QueryExecutorImpl.java:354)
	at org.postgresql.jdbc.PgStatement.executeInternal(PgStatement.java:484)
	at org.postgresql.jdbc.PgStatement.execute(PgStatement.java:404)
	at org.postgresql.jdbc.PgPreparedStatement.executeWithFlags(PgPreparedStatement.java:162)
	at org.postgresql.jdbc.PgPreparedStatement.executeUpdate(PgPreparedStatement.java:130)
	at dao.StudentOrderDaoImpl.saveStudentOrder(StudentOrderDaoImpl.java:105)
	at tests.StudentOrderDaoImplTest.saveStudentOrderError(StudentOrderDaoImplTest.java:40)
	at java.base/jdk.internal.reflect.NativeMethodAccessorImpl.invoke0(Native Method)
	at java.base/jdk.internal.reflect.NativeMethodAccessorImpl.invoke(NativeMethodAccessorImpl.java:77)
	at java.base/jdk.internal.reflect.DelegatingMethodAccessorImpl.invoke(DelegatingMethodAccessorImpl.java:43)
	at java.base/java.lang.reflect.Method.invoke(Method.java:568)
	at org.junit.runners.model.FrameworkMethod$1.runReflectiveCall(FrameworkMethod.java:59)
	at org.junit.internal.runners.model.ReflectiveCallable.run(ReflectiveCallable.java:12)
	at org.junit.runners.model.FrameworkMethod.invokeExplosively(FrameworkMethod.java:56)
	at org.junit.internal.runners.statements.InvokeMethod.evaluate(InvokeMethod.java:17)
	at org.junit.internal.runners.statements.ExpectException.evaluate(ExpectException.java:19)
	at org.junit.runners.ParentRunner$3.evaluate(ParentRunner.java:306)
	at org.junit.runners.BlockJUnit4ClassRunner$1.evaluate(BlockJUnit4ClassRunner.java:100)
	at org.junit.runners.ParentRunner.runLeaf(ParentRunner.java:366)
	at org.junit.runners.BlockJUnit4ClassRunner.runChild(BlockJUnit4ClassRunner.java:103)
	at org.junit.runners.BlockJUnit4ClassRunner.runChild(BlockJUnit4ClassRunner.java:63)
	at org.junit.runners.ParentRunner$4.run(ParentRunner.java:331)
	at org.junit.runners.ParentRunner$1.schedule(ParentRunner.java:79)
	at org.junit.runners.ParentRunner.runChildren(ParentRunner.java:329)
	at org.junit.runners.ParentRunner.access$100(ParentRunner.java:66)
	at org.junit.runners.ParentRunner$2.evaluate(ParentRunner.java:293)
	at org.junit.internal.runners.statements.RunBefores.evaluate(RunBefores.java:26)
	at org.junit.runners.ParentRunner$3.evaluate(ParentRunner.java:306)
	at org.junit.runners.ParentRunner.run(ParentRunner.java:413)
	at org.junit.runner.JUnitCore.run(JUnitCore.java:137)
	at org.junit.runner.JUnitCore.run(JUnitCore.java:115)
	at org.junit.vintage.engine.execution.RunnerExecutor.execute(RunnerExecutor.java:42)
	at org.junit.vintage.engine.VintageTestEngine.executeAllChildren(VintageTestEngine.java:80)
	at org.junit.vintage.engine.VintageTestEngine.execute(VintageTestEngine.java:72)
	at org.junit.platform.launcher.core.EngineExecutionOrchestrator.execute(EngineExecutionOrchestrator.java:107)
	at org.junit.platform.launcher.core.EngineExecutionOrchestrator.execute(EngineExecutionOrchestrator.java:88)
	at org.junit.platform.launcher.core.EngineExecutionOrchestrator.lambda$execute$0(EngineExecutionOrchestrator.java:54)
	at org.junit.platform.launcher.core.EngineExecutionOrchestrator.withInterceptedStreams(EngineExecutionOrchestrator.java:67)
	at org.junit.platform.launcher.core.EngineExecutionOrchestrator.execute(EngineExecutionOrchestrator.java:52)
	at org.junit.platform.launcher.core.DefaultLauncher.execute(DefaultLauncher.java:114)
	at org.junit.platform.launcher.core.DefaultLauncher.execute(DefaultLauncher.java:95)
	at org.junit.platform.launcher.core.DefaultLauncherSession$DelegatingLauncher.execute(DefaultLauncherSession.java:91)
	at org.junit.platform.launcher.core.SessionPerRequestLauncher.execute(SessionPerRequestLauncher.java:60)
	at org.eclipse.jdt.internal.junit5.runner.JUnit5TestReference.run(JUnit5TestReference.java:98)
	at org.eclipse.jdt.internal.junit.runner.TestExecution.run(TestExecution.java:40)
	at org.eclipse.jdt.internal.junit.runner.RemoteTestRunner.runTests(RemoteTestRunner.java:529)
	at org.eclipse.jdt.internal.junit.runner.RemoteTestRunner.runTests(RemoteTestRunner.java:756)
	at org.eclipse.jdt.internal.junit.runner.RemoteTestRunner.run(RemoteTestRunner.java:452)
	at org.eclipse.jdt.internal.junit.runner.RemoteTestRunner.main(RemoteTestRunner.java:210)
2021-12-15 20:18:33 DEBUG [main]: SO:StudentOrder: 10 null null Adult: 4115 680124 2021-07-06 PassportOffice: 1    University: 2  HH12345 Person: Кротов Александр Витальевич 2001-06-08 null Adult: 4122 682222 2020-01-26 PassportOffice: 2    University: 1  WW12345 Person: Кротова Василиса Николаевна 2000-01-03 null [Child: 43435465 2020-01-05 RegisterOffice: 2   Person: Кротов Николай Александрович 2020-01-05 null, Child: 45412223 2019-03-05 RegisterOffice: 3   Person: Кротова Мария Александровна 2019-03-05 null] 123456010 RegisterOffice: 1   2016-07-04
2021-12-15 20:18:33 DEBUG [main]: SO:StudentOrder: 10 null null Adult: 4115 680124 2021-07-06 PassportOffice: 1    University: 2  HH12345 Person: null Александр Витальевич 2001-06-08 null Adult: 4122 682222 2020-01-26 PassportOffice: 2    University: 1  WW12345 Person: Кротова Василиса Николаевна 2000-01-03 null [Child: 43435465 2020-01-05 RegisterOffice: 2   Person: Кротов Николай Александрович 2020-01-05 null, Child: 45412223 2019-03-05 RegisterOffice: 3   Person: Кротова Мария Александровна 2019-03-05 null] 123456010 RegisterOffice: 1   2016-07-04
2021-12-15 20:18:34 ERROR [main]: ERROR: null value in column "h_sur_name" of relation "jc_student_order" violates not-null constraint
  Подробности: Failing row contains (2, 0, 2021-12-15 20:18:33.983427, null, Александр, Витальевич, 2001-06-08, 4115, 680124, 2021-07-06, 1, 195000, 1, 10, 2, 222, 2, HH12345, Кротова, Василиса, Николаевна, 2000-01-03, 4122, 682222, 2020-01-26, 2, 195000, 1, 10, 2, 222, 1, WW12345, 123456010, 1, 2016-07-04).
org.postgresql.util.PSQLException: ERROR: null value in column "h_sur_name" of relation "jc_student_order" violates not-null constraint
  Подробности: Failing row contains (2, 0, 2021-12-15 20:18:33.983427, null, Александр, Витальевич, 2001-06-08, 4115, 680124, 2021-07-06, 1, 195000, 1, 10, 2, 222, 2, HH12345, Кротова, Василиса, Николаевна, 2000-01-03, 4122, 682222, 2020-01-26, 2, 195000, 1, 10, 2, 222, 1, WW12345, 123456010, 1, 2016-07-04).
	at org.postgresql.core.v3.QueryExecutorImpl.receiveErrorResponse(QueryExecutorImpl.java:2674)
	at org.postgresql.core.v3.QueryExecutorImpl.processResults(QueryExecutorImpl.java:2364)
	at org.postgresql.core.v3.QueryExecutorImpl.execute(QueryExecutorImpl.java:354)
	at org.postgresql.jdbc.PgStatement.executeInternal(PgStatement.java:484)
	at org.postgresql.jdbc.PgStatement.execute(PgStatement.java:404)
	at org.postgresql.jdbc.PgPreparedStatement.executeWithFlags(PgPreparedStatement.java:162)
	at org.postgresql.jdbc.PgPreparedStatement.executeUpdate(PgPreparedStatement.java:130)
	at dao.StudentOrderDaoImpl.saveStudentOrder(StudentOrderDaoImpl.java:105)
	at tests.StudentOrderDaoImplTest.saveStudentOrderError(StudentOrderDaoImplTest.java:40)
	at java.base/jdk.internal.reflect.NativeMethodAccessorImpl.invoke0(Native Method)
	at java.base/jdk.internal.reflect.NativeMethodAccessorImpl.invoke(NativeMethodAccessorImpl.java:77)
	at java.base/jdk.internal.reflect.DelegatingMethodAccessorImpl.invoke(DelegatingMethodAccessorImpl.java:43)
	at java.base/java.lang.reflect.Method.invoke(Method.java:568)
	at org.junit.runners.model.FrameworkMethod$1.runReflectiveCall(FrameworkMethod.java:59)
	at org.junit.internal.runners.model.ReflectiveCallable.run(ReflectiveCallable.java:12)
	at org.junit.runners.model.FrameworkMethod.invokeExplosively(FrameworkMethod.java:56)
	at org.junit.internal.runners.statements.InvokeMethod.evaluate(InvokeMethod.java:17)
	at org.junit.internal.runners.statements.ExpectException.evaluate(ExpectException.java:19)
	at org.junit.runners.ParentRunner$3.evaluate(ParentRunner.java:306)
	at org.junit.runners.BlockJUnit4ClassRunner$1.evaluate(BlockJUnit4ClassRunner.java:100)
	at org.junit.runners.ParentRunner.runLeaf(ParentRunner.java:366)
	at org.junit.runners.BlockJUnit4ClassRunner.runChild(BlockJUnit4ClassRunner.java:103)
	at org.junit.runners.BlockJUnit4ClassRunner.runChild(BlockJUnit4ClassRunner.java:63)
	at org.junit.runners.ParentRunner$4.run(ParentRunner.java:331)
	at org.junit.runners.ParentRunner$1.schedule(ParentRunner.java:79)
	at org.junit.runners.ParentRunner.runChildren(ParentRunner.java:329)
	at org.junit.runners.ParentRunner.access$100(ParentRunner.java:66)
	at org.junit.runners.ParentRunner$2.evaluate(ParentRunner.java:293)
	at org.junit.internal.runners.statements.RunBefores.evaluate(RunBefores.java:26)
	at org.junit.runners.ParentRunner$3.evaluate(ParentRunner.java:306)
	at org.junit.runners.ParentRunner.run(ParentRunner.java:413)
	at org.junit.runner.JUnitCore.run(JUnitCore.java:137)
	at org.junit.runner.JUnitCore.run(JUnitCore.java:115)
	at org.junit.vintage.engine.execution.RunnerExecutor.execute(RunnerExecutor.java:42)
	at org.junit.vintage.engine.VintageTestEngine.executeAllChildren(VintageTestEngine.java:80)
	at org.junit.vintage.engine.VintageTestEngine.execute(VintageTestEngine.java:72)
	at org.junit.platform.launcher.core.EngineExecutionOrchestrator.execute(EngineExecutionOrchestrator.java:107)
	at org.junit.platform.launcher.core.EngineExecutionOrchestrator.execute(EngineExecutionOrchestrator.java:88)
	at org.junit.platform.launcher.core.EngineExecutionOrchestrator.lambda$execute$0(EngineExecutionOrchestrator.java:54)
	at org.junit.platform.launcher.core.EngineExecutionOrchestrator.withInterceptedStreams(EngineExecutionOrchestrator.java:67)
	at org.junit.platform.launcher.core.EngineExecutionOrchestrator.execute(EngineExecutionOrchestrator.java:52)
	at org.junit.platform.launcher.core.DefaultLauncher.execute(DefaultLauncher.java:114)
	at org.junit.platform.launcher.core.DefaultLauncher.execute(DefaultLauncher.java:95)
	at org.junit.platform.launcher.core.DefaultLauncherSession$DelegatingLauncher.execute(DefaultLauncherSession.java:91)
	at org.junit.platform.launcher.core.SessionPerRequestLauncher.execute(SessionPerRequestLauncher.java:60)
	at org.eclipse.jdt.internal.junit5.runner.JUnit5TestReference.run(JUnit5TestReference.java:98)
	at org.eclipse.jdt.internal.junit.runner.TestExecution.run(TestExecution.java:40)
	at org.eclipse.jdt.internal.junit.runner.RemoteTestRunner.runTests(RemoteTestRunner.java:529)
	at org.eclipse.jdt.internal.junit.runner.RemoteTestRunner.runTests(RemoteTestRunner.java:756)
	at org.eclipse.jdt.internal.junit.runner.RemoteTestRunner.run(RemoteTestRunner.java:452)
	at org.eclipse.jdt.internal.junit.runner.RemoteTestRunner.main(RemoteTestRunner.java:210)
2021-12-15 20:48:18 INFO  [main]: TEST 2021-12-15T20:48:18.412800 2021-12-15T20:48:18.413536
2021-12-15 20:49:04 INFO  [main]: TEST 2021-12-15T20:49:04.597674 2021-12-15T20:49:04.598131
2021-12-15 20:51:45 INFO  [main]: TEST 2021-12-15T20:51:45.779503 2021-12-15T20:51:45.781137
2021-12-15 20:55:25 INFO  [main]: TEST 2021-12-15T20:55:25.905519 2021-12-15T20:55:25.906225
2021-12-15 21:04:40 INFO  [main]: TEST 2021-12-15T21:04:40.437437 2021-12-15T21:04:40.438105
2021-12-15 21:04:50 INFO  [main]: TEST 2021-12-15T21:04:50.925618 2021-12-15T21:04:50.926203
2021-12-15 21:07:16 DEBUG [main]: SO:StudentOrder: 10 null null Adult: 4115 680124 2021-07-06 PassportOffice: 1    University: 2  HH12345 Person: Кротов Александр Витальевич 2001-06-08 null Adult: 4122 682222 2020-01-26 PassportOffice: 2    University: 1  WW12345 Person: Кротова Василиса Николаевна 2000-01-03 null [Child: 43435465 2020-01-05 RegisterOffice: 2   Person: Кротов Николай Александрович 2020-01-05 null, Child: 45412223 2019-03-05 RegisterOffice: 3   Person: Кротова Мария Александровна 2019-03-05 null] 123456010 RegisterOffice: 1   2016-07-04
2021-12-15 21:07:16 DEBUG [main]: SO:StudentOrder: 10 null null Adult: 4115 680124 2021-07-06 PassportOffice: 1    University: 2  HH12345 Person: null Александр Витальевич 2001-06-08 null Adult: 4122 682222 2020-01-26 PassportOffice: 2    University: 1  WW12345 Person: Кротова Василиса Николаевна 2000-01-03 null [Child: 43435465 2020-01-05 RegisterOffice: 2   Person: Кротов Николай Александрович 2020-01-05 null, Child: 45412223 2019-03-05 RegisterOffice: 3   Person: Кротова Мария Александровна 2019-03-05 null] 123456010 RegisterOffice: 1   2016-07-04
2021-12-15 21:07:16 ERROR [main]: ERROR: null value in column "h_sur_name" of relation "jc_student_order" violates not-null constraint
  Подробности: Failing row contains (2, 0, 2021-12-15 21:07:16.878607, null, Александр, Витальевич, 2001-06-08, 4115, 680124, 2021-07-06, 1, 195000, 1, 10, 2, 222, 2, HH12345, Кротова, Василиса, Николаевна, 2000-01-03, 4122, 682222, 2020-01-26, 2, 195000, 1, 10, 2, 222, 1, WW12345, 123456010, 1, 2016-07-04).
org.postgresql.util.PSQLException: ERROR: null value in column "h_sur_name" of relation "jc_student_order" violates not-null constraint
  Подробности: Failing row contains (2, 0, 2021-12-15 21:07:16.878607, null, Александр, Витальевич, 2001-06-08, 4115, 680124, 2021-07-06, 1, 195000, 1, 10, 2, 222, 2, HH12345, Кротова, Василиса, Николаевна, 2000-01-03, 4122, 682222, 2020-01-26, 2, 195000, 1, 10, 2, 222, 1, WW12345, 123456010, 1, 2016-07-04).
	at org.postgresql.core.v3.QueryExecutorImpl.receiveErrorResponse(QueryExecutorImpl.java:2674)
	at org.postgresql.core.v3.QueryExecutorImpl.processResults(QueryExecutorImpl.java:2364)
	at org.postgresql.core.v3.QueryExecutorImpl.execute(QueryExecutorImpl.java:354)
	at org.postgresql.jdbc.PgStatement.executeInternal(PgStatement.java:484)
	at org.postgresql.jdbc.PgStatement.execute(PgStatement.java:404)
	at org.postgresql.jdbc.PgPreparedStatement.executeWithFlags(PgPreparedStatement.java:162)
	at org.postgresql.jdbc.PgPreparedStatement.executeUpdate(PgPreparedStatement.java:130)
	at dao.StudentOrderDaoImpl.saveStudentOrder(StudentOrderDaoImpl.java:105)
	at tests.StudentOrderDaoImplTest.saveStudentOrderError(StudentOrderDaoImplTest.java:40)
	at java.base/jdk.internal.reflect.NativeMethodAccessorImpl.invoke0(Native Method)
	at java.base/jdk.internal.reflect.NativeMethodAccessorImpl.invoke(NativeMethodAccessorImpl.java:77)
	at java.base/jdk.internal.reflect.DelegatingMethodAccessorImpl.invoke(DelegatingMethodAccessorImpl.java:43)
	at java.base/java.lang.reflect.Method.invoke(Method.java:568)
	at org.junit.runners.model.FrameworkMethod$1.runReflectiveCall(FrameworkMethod.java:59)
	at org.junit.internal.runners.model.ReflectiveCallable.run(ReflectiveCallable.java:12)
	at org.junit.runners.model.FrameworkMethod.invokeExplosively(FrameworkMethod.java:56)
	at org.junit.internal.runners.statements.InvokeMethod.evaluate(InvokeMethod.java:17)
	at org.junit.internal.runners.statements.ExpectException.evaluate(ExpectException.java:19)
	at org.junit.runners.ParentRunner$3.evaluate(ParentRunner.java:306)
	at org.junit.runners.BlockJUnit4ClassRunner$1.evaluate(BlockJUnit4ClassRunner.java:100)
	at org.junit.runners.ParentRunner.runLeaf(ParentRunner.java:366)
	at org.junit.runners.BlockJUnit4ClassRunner.runChild(BlockJUnit4ClassRunner.java:103)
	at org.junit.runners.BlockJUnit4ClassRunner.runChild(BlockJUnit4ClassRunner.java:63)
	at org.junit.runners.ParentRunner$4.run(ParentRunner.java:331)
	at org.junit.runners.ParentRunner$1.schedule(ParentRunner.java:79)
	at org.junit.runners.ParentRunner.runChildren(ParentRunner.java:329)
	at org.junit.runners.ParentRunner.access$100(ParentRunner.java:66)
	at org.junit.runners.ParentRunner$2.evaluate(ParentRunner.java:293)
	at org.junit.internal.runners.statements.RunBefores.evaluate(RunBefores.java:26)
	at org.junit.runners.ParentRunner$3.evaluate(ParentRunner.java:306)
	at org.junit.runners.ParentRunner.run(ParentRunner.java:413)
	at org.junit.runner.JUnitCore.run(JUnitCore.java:137)
	at org.junit.runner.JUnitCore.run(JUnitCore.java:115)
	at org.junit.vintage.engine.execution.RunnerExecutor.execute(RunnerExecutor.java:42)
	at org.junit.vintage.engine.VintageTestEngine.executeAllChildren(VintageTestEngine.java:80)
	at org.junit.vintage.engine.VintageTestEngine.execute(VintageTestEngine.java:72)
	at org.junit.platform.launcher.core.EngineExecutionOrchestrator.execute(EngineExecutionOrchestrator.java:107)
	at org.junit.platform.launcher.core.EngineExecutionOrchestrator.execute(EngineExecutionOrchestrator.java:88)
	at org.junit.platform.launcher.core.EngineExecutionOrchestrator.lambda$execute$0(EngineExecutionOrchestrator.java:54)
	at org.junit.platform.launcher.core.EngineExecutionOrchestrator.withInterceptedStreams(EngineExecutionOrchestrator.java:67)
	at org.junit.platform.launcher.core.EngineExecutionOrchestrator.execute(EngineExecutionOrchestrator.java:52)
	at org.junit.platform.launcher.core.DefaultLauncher.execute(DefaultLauncher.java:114)
	at org.junit.platform.launcher.core.DefaultLauncher.execute(DefaultLauncher.java:95)
	at org.junit.platform.launcher.core.DefaultLauncherSession$DelegatingLauncher.execute(DefaultLauncherSession.java:91)
	at org.junit.platform.launcher.core.SessionPerRequestLauncher.execute(SessionPerRequestLauncher.java:60)
	at org.eclipse.jdt.internal.junit5.runner.JUnit5TestReference.run(JUnit5TestReference.java:98)
	at org.eclipse.jdt.internal.junit.runner.TestExecution.run(TestExecution.java:40)
	at org.eclipse.jdt.internal.junit.runner.RemoteTestRunner.runTests(RemoteTestRunner.java:529)
	at org.eclipse.jdt.internal.junit.runner.RemoteTestRunner.runTests(RemoteTestRunner.java:756)
	at org.eclipse.jdt.internal.junit.runner.RemoteTestRunner.run(RemoteTestRunner.java:452)
	at org.eclipse.jdt.internal.junit.runner.RemoteTestRunner.main(RemoteTestRunner.java:210)
2021-12-15 21:08:24 INFO  [main]: TEST 2021-12-15T21:08:24.549632 2021-12-15T21:08:24.550195
2021-12-15 21:08:24 DEBUG [main]: SO:StudentOrder: 10 null null Adult: 4115 680124 2021-07-06 PassportOffice: 1    University: 2  HH12345 Person: Кротов Александр Витальевич 2001-06-08 null Adult: 4122 682222 2020-01-26 PassportOffice: 2    University: 1  WW12345 Person: Кротова Василиса Николаевна 2000-01-03 null [Child: 43435465 2020-01-05 RegisterOffice: 2   Person: Кротов Николай Александрович 2020-01-05 null, Child: 45412223 2019-03-05 RegisterOffice: 3   Person: Кротова Мария Александровна 2019-03-05 null] 123456010 RegisterOffice: 1   2016-07-04
2021-12-15 21:08:24 DEBUG [main]: SO:StudentOrder: 10 null null Adult: 4115 680124 2021-07-06 PassportOffice: 1    University: 2  HH12345 Person: null Александр Витальевич 2001-06-08 null Adult: 4122 682222 2020-01-26 PassportOffice: 2    University: 1  WW12345 Person: Кротова Василиса Николаевна 2000-01-03 null [Child: 43435465 2020-01-05 RegisterOffice: 2   Person: Кротов Николай Александрович 2020-01-05 null, Child: 45412223 2019-03-05 RegisterOffice: 3   Person: Кротова Мария Александровна 2019-03-05 null] 123456010 RegisterOffice: 1   2016-07-04
2021-12-15 21:08:24 ERROR [main]: ERROR: null value in column "h_sur_name" of relation "jc_student_order" violates not-null constraint
  Подробности: Failing row contains (2, 0, 2021-12-15 21:08:24.916665, null, Александр, Витальевич, 2001-06-08, 4115, 680124, 2021-07-06, 1, 195000, 1, 10, 2, 222, 2, HH12345, Кротова, Василиса, Николаевна, 2000-01-03, 4122, 682222, 2020-01-26, 2, 195000, 1, 10, 2, 222, 1, WW12345, 123456010, 1, 2016-07-04).
org.postgresql.util.PSQLException: ERROR: null value in column "h_sur_name" of relation "jc_student_order" violates not-null constraint
  Подробности: Failing row contains (2, 0, 2021-12-15 21:08:24.916665, null, Александр, Витальевич, 2001-06-08, 4115, 680124, 2021-07-06, 1, 195000, 1, 10, 2, 222, 2, HH12345, Кротова, Василиса, Николаевна, 2000-01-03, 4122, 682222, 2020-01-26, 2, 195000, 1, 10, 2, 222, 1, WW12345, 123456010, 1, 2016-07-04).
	at org.postgresql.core.v3.QueryExecutorImpl.receiveErrorResponse(QueryExecutorImpl.java:2674)
	at org.postgresql.core.v3.QueryExecutorImpl.processResults(QueryExecutorImpl.java:2364)
	at org.postgresql.core.v3.QueryExecutorImpl.execute(QueryExecutorImpl.java:354)
	at org.postgresql.jdbc.PgStatement.executeInternal(PgStatement.java:484)
	at org.postgresql.jdbc.PgStatement.execute(PgStatement.java:404)
	at org.postgresql.jdbc.PgPreparedStatement.executeWithFlags(PgPreparedStatement.java:162)
	at org.postgresql.jdbc.PgPreparedStatement.executeUpdate(PgPreparedStatement.java:130)
	at dao.StudentOrderDaoImpl.saveStudentOrder(StudentOrderDaoImpl.java:105)
	at tests.StudentOrderDaoImplTest.saveStudentOrderError(StudentOrderDaoImplTest.java:40)
	at java.base/jdk.internal.reflect.NativeMethodAccessorImpl.invoke0(Native Method)
	at java.base/jdk.internal.reflect.NativeMethodAccessorImpl.invoke(NativeMethodAccessorImpl.java:77)
	at java.base/jdk.internal.reflect.DelegatingMethodAccessorImpl.invoke(DelegatingMethodAccessorImpl.java:43)
	at java.base/java.lang.reflect.Method.invoke(Method.java:568)
	at org.junit.runners.model.FrameworkMethod$1.runReflectiveCall(FrameworkMethod.java:59)
	at org.junit.internal.runners.model.ReflectiveCallable.run(ReflectiveCallable.java:12)
	at org.junit.runners.model.FrameworkMethod.invokeExplosively(FrameworkMethod.java:56)
	at org.junit.internal.runners.statements.InvokeMethod.evaluate(InvokeMethod.java:17)
	at org.junit.internal.runners.statements.ExpectException.evaluate(ExpectException.java:19)
	at org.junit.runners.ParentRunner$3.evaluate(ParentRunner.java:306)
	at org.junit.runners.BlockJUnit4ClassRunner$1.evaluate(BlockJUnit4ClassRunner.java:100)
	at org.junit.runners.ParentRunner.runLeaf(ParentRunner.java:366)
	at org.junit.runners.BlockJUnit4ClassRunner.runChild(BlockJUnit4ClassRunner.java:103)
	at org.junit.runners.BlockJUnit4ClassRunner.runChild(BlockJUnit4ClassRunner.java:63)
	at org.junit.runners.ParentRunner$4.run(ParentRunner.java:331)
	at org.junit.runners.ParentRunner$1.schedule(ParentRunner.java:79)
	at org.junit.runners.ParentRunner.runChildren(ParentRunner.java:329)
	at org.junit.runners.ParentRunner.access$100(ParentRunner.java:66)
	at org.junit.runners.ParentRunner$2.evaluate(ParentRunner.java:293)
	at org.junit.internal.runners.statements.RunBefores.evaluate(RunBefores.java:26)
	at org.junit.runners.ParentRunner$3.evaluate(ParentRunner.java:306)
	at org.junit.runners.ParentRunner.run(ParentRunner.java:413)
	at org.apache.maven.surefire.junit4.JUnit4Provider.execute(JUnit4Provider.java:252)
	at org.apache.maven.surefire.junit4.JUnit4Provider.executeTestSet(JUnit4Provider.java:141)
	at org.apache.maven.surefire.junit4.JUnit4Provider.invoke(JUnit4Provider.java:112)
	at java.base/jdk.internal.reflect.NativeMethodAccessorImpl.invoke0(Native Method)
	at java.base/jdk.internal.reflect.NativeMethodAccessorImpl.invoke(NativeMethodAccessorImpl.java:77)
	at java.base/jdk.internal.reflect.DelegatingMethodAccessorImpl.invoke(DelegatingMethodAccessorImpl.java:43)
	at java.base/java.lang.reflect.Method.invoke(Method.java:568)
	at org.apache.maven.surefire.util.ReflectionUtils.invokeMethodWithArray(ReflectionUtils.java:189)
	at org.apache.maven.surefire.booter.ProviderFactory$ProviderProxy.invoke(ProviderFactory.java:165)
	at org.apache.maven.surefire.booter.ProviderFactory.invokeProvider(ProviderFactory.java:85)
	at org.apache.maven.surefire.booter.ForkedBooter.runSuitesInProcess(ForkedBooter.java:115)
	at org.apache.maven.surefire.booter.ForkedBooter.main(ForkedBooter.java:75)
2021-12-15 21:41:34 INFO  [main]: TEST 2021-12-15T21:41:34.567836 2021-12-15T21:41:34.568388
2021-12-15 21:41:34 DEBUG [main]: SO:StudentOrder: 10 null null Adult: 4115 680124 2021-07-06 PassportOffice: 1    University: 2  HH12345 Person: Кротов Александр Витальевич 2001-06-08 null Adult: 4122 682222 2020-01-26 PassportOffice: 2    University: 1  WW12345 Person: Кротова Василиса Николаевна 2000-01-03 null [Child: 43435465 2020-01-05 RegisterOffice: 2   Person: Кротов Николай Александрович 2020-01-05 null, Child: 45412223 2019-03-05 RegisterOffice: 3   Person: Кротова Мария Александровна 2019-03-05 null] 123456010 RegisterOffice: 1   2016-07-04
2021-12-15 21:41:34 DEBUG [main]: SO:StudentOrder: 10 null null Adult: 4115 680124 2021-07-06 PassportOffice: 1    University: 2  HH12345 Person: null Александр Витальевич 2001-06-08 null Adult: 4122 682222 2020-01-26 PassportOffice: 2    University: 1  WW12345 Person: Кротова Василиса Николаевна 2000-01-03 null [Child: 43435465 2020-01-05 RegisterOffice: 2   Person: Кротов Николай Александрович 2020-01-05 null, Child: 45412223 2019-03-05 RegisterOffice: 3   Person: Кротова Мария Александровна 2019-03-05 null] 123456010 RegisterOffice: 1   2016-07-04
2021-12-15 21:41:34 ERROR [main]: ERROR: null value in column "h_sur_name" of relation "jc_student_order" violates not-null constraint
  Подробности: Failing row contains (2, 0, 2021-12-15 21:41:34.872355, null, Александр, Витальевич, 2001-06-08, 4115, 680124, 2021-07-06, 1, 195000, 1, 10, 2, 222, 2, HH12345, Кротова, Василиса, Николаевна, 2000-01-03, 4122, 682222, 2020-01-26, 2, 195000, 1, 10, 2, 222, 1, WW12345, 123456010, 1, 2016-07-04).
org.postgresql.util.PSQLException: ERROR: null value in column "h_sur_name" of relation "jc_student_order" violates not-null constraint
  Подробности: Failing row contains (2, 0, 2021-12-15 21:41:34.872355, null, Александр, Витальевич, 2001-06-08, 4115, 680124, 2021-07-06, 1, 195000, 1, 10, 2, 222, 2, HH12345, Кротова, Василиса, Николаевна, 2000-01-03, 4122, 682222, 2020-01-26, 2, 195000, 1, 10, 2, 222, 1, WW12345, 123456010, 1, 2016-07-04).
	at org.postgresql.core.v3.QueryExecutorImpl.receiveErrorResponse(QueryExecutorImpl.java:2674)
	at org.postgresql.core.v3.QueryExecutorImpl.processResults(QueryExecutorImpl.java:2364)
	at org.postgresql.core.v3.QueryExecutorImpl.execute(QueryExecutorImpl.java:354)
	at org.postgresql.jdbc.PgStatement.executeInternal(PgStatement.java:484)
	at org.postgresql.jdbc.PgStatement.execute(PgStatement.java:404)
	at org.postgresql.jdbc.PgPreparedStatement.executeWithFlags(PgPreparedStatement.java:162)
	at org.postgresql.jdbc.PgPreparedStatement.executeUpdate(PgPreparedStatement.java:130)
	at dao.StudentOrderDaoImpl.saveStudentOrder(StudentOrderDaoImpl.java:105)
	at tests.StudentOrderDaoImplTest.saveStudentOrderError(StudentOrderDaoImplTest.java:40)
	at java.base/jdk.internal.reflect.NativeMethodAccessorImpl.invoke0(Native Method)
	at java.base/jdk.internal.reflect.NativeMethodAccessorImpl.invoke(NativeMethodAccessorImpl.java:77)
	at java.base/jdk.internal.reflect.DelegatingMethodAccessorImpl.invoke(DelegatingMethodAccessorImpl.java:43)
	at java.base/java.lang.reflect.Method.invoke(Method.java:568)
	at org.junit.runners.model.FrameworkMethod$1.runReflectiveCall(FrameworkMethod.java:59)
	at org.junit.internal.runners.model.ReflectiveCallable.run(ReflectiveCallable.java:12)
	at org.junit.runners.model.FrameworkMethod.invokeExplosively(FrameworkMethod.java:56)
	at org.junit.internal.runners.statements.InvokeMethod.evaluate(InvokeMethod.java:17)
	at org.junit.internal.runners.statements.ExpectException.evaluate(ExpectException.java:19)
	at org.junit.runners.ParentRunner$3.evaluate(ParentRunner.java:306)
	at org.junit.runners.BlockJUnit4ClassRunner$1.evaluate(BlockJUnit4ClassRunner.java:100)
	at org.junit.runners.ParentRunner.runLeaf(ParentRunner.java:366)
	at org.junit.runners.BlockJUnit4ClassRunner.runChild(BlockJUnit4ClassRunner.java:103)
	at org.junit.runners.BlockJUnit4ClassRunner.runChild(BlockJUnit4ClassRunner.java:63)
	at org.junit.runners.ParentRunner$4.run(ParentRunner.java:331)
	at org.junit.runners.ParentRunner$1.schedule(ParentRunner.java:79)
	at org.junit.runners.ParentRunner.runChildren(ParentRunner.java:329)
	at org.junit.runners.ParentRunner.access$100(ParentRunner.java:66)
	at org.junit.runners.ParentRunner$2.evaluate(ParentRunner.java:293)
	at org.junit.internal.runners.statements.RunBefores.evaluate(RunBefores.java:26)
	at org.junit.runners.ParentRunner$3.evaluate(ParentRunner.java:306)
	at org.junit.runners.ParentRunner.run(ParentRunner.java:413)
	at org.apache.maven.surefire.junit4.JUnit4Provider.execute(JUnit4Provider.java:252)
	at org.apache.maven.surefire.junit4.JUnit4Provider.executeTestSet(JUnit4Provider.java:141)
	at org.apache.maven.surefire.junit4.JUnit4Provider.invoke(JUnit4Provider.java:112)
	at java.base/jdk.internal.reflect.NativeMethodAccessorImpl.invoke0(Native Method)
	at java.base/jdk.internal.reflect.NativeMethodAccessorImpl.invoke(NativeMethodAccessorImpl.java:77)
	at java.base/jdk.internal.reflect.DelegatingMethodAccessorImpl.invoke(DelegatingMethodAccessorImpl.java:43)
	at java.base/java.lang.reflect.Method.invoke(Method.java:568)
	at org.apache.maven.surefire.util.ReflectionUtils.invokeMethodWithArray(ReflectionUtils.java:189)
	at org.apache.maven.surefire.booter.ProviderFactory$ProviderProxy.invoke(ProviderFactory.java:165)
	at org.apache.maven.surefire.booter.ProviderFactory.invokeProvider(ProviderFactory.java:85)
	at org.apache.maven.surefire.booter.ForkedBooter.runSuitesInProcess(ForkedBooter.java:115)
	at org.apache.maven.surefire.booter.ForkedBooter.main(ForkedBooter.java:75)
